
> sonic-market-maker@0.1.0 dev
> next dev

 ⚠ Warning: Next.js inferred your workspace root, but it may not be correct.
 We detected multiple lockfiles and selected the directory of /Users/zhujialin/package-lock.json as the root directory.
 To silence this warning, set `turbopack.root` in your Next.js config, or consider removing one of the lockfiles if it's not needed.
   See https://nextjs.org/docs/app/api-reference/config/next-config-js/turbopack#root-directory for more information.
 Detected additional lockfiles: 
   * /Users/zhujialin/projects/sonic-market-maker/package-lock.json

   ▲ Next.js 16.0.3 (Turbopack)
   - Local:         http://localhost:3000
   - Network:       http://10.10.22.67:3000

 ✓ Starting...
Attention: Next.js now collects completely anonymous telemetry regarding usage.
This information is used to shape Next.js' roadmap and prioritize features.
You can learn more, including how to opt-out if you'd not like to participate in this anonymous program, by visiting the following URL:
https://nextjs.org/telemetry

 ✓ Ready in 830ms
 ○ Compiling / ...
 GET / 200 in 3.5s (compile: 3.2s, render: 216ms)
 GET /fonts/open-sans-latin-regular.woff2 404 in 672ms (compile: 617ms, render: 55ms)
 GET / 200 in 31ms (compile: 7ms, render: 24ms)
 GET / 200 in 40ms (compile: 5ms, render: 34ms)
 GET / 200 in 63ms (compile: 25ms, render: 38ms)
 GET / 200 in 43ms (compile: 15ms, render: 29ms)
 GET / 200 in 37ms (compile: 7ms, render: 30ms)
 ✓ Compiled in 59ms
 GET / 200 in 336ms (compile: 166ms, render: 171ms)
 GET / 200 in 499ms (compile: 272ms, render: 227ms)
 GET /fonts/open-sans-latin-regular.woff2 404 in 401ms (compile: 269ms, render: 133ms)
 GET / 200 in 34ms (compile: 12ms, render: 22ms)
 GET / 200 in 33ms (compile: 9ms, render: 25ms)
 GET / 200 in 101ms (compile: 12ms, render: 89ms)
 GET /fonts/open-sans-latin-regular.woff2 404 in 46ms (compile: 23ms, render: 23ms)
 GET / 200 in 100ms (compile: 51ms, render: 49ms)
 GET / 200 in 60ms (compile: 13ms, render: 47ms)
 GET /fonts/open-sans-latin-regular.woff2 404 in 93ms (compile: 24ms, render: 69ms)
 GET / 200 in 30ms (compile: 10ms, render: 20ms)
 GET / 200 in 41ms (compile: 10ms, render: 30ms)
 GET / 200 in 64ms (compile: 20ms, render: 44ms)
 GET / 200 in 53ms (compile: 12ms, render: 41ms)
 GET / 200 in 35ms (compile: 9ms, render: 26ms)
 GET / 200 in 35ms (compile: 8ms, render: 26ms)
 GET / 200 in 43ms (compile: 7ms, render: 35ms)
 GET / 200 in 154ms (compile: 63ms, render: 91ms)
 GET / 200 in 112ms (compile: 58ms, render: 55ms)
 GET / 200 in 32ms (compile: 9ms, render: 23ms)
 GET / 200 in 137ms (compile: 95ms, render: 42ms)
 GET /fonts/open-sans-latin-regular.woff2 404 in 72ms (compile: 16ms, render: 56ms)
 GET / 200 in 31ms (compile: 6ms, render: 24ms)
 GET / 200 in 39ms (compile: 10ms, render: 29ms)
 GET / 200 in 56ms (compile: 28ms, render: 28ms)
 GET / 200 in 62ms (compile: 10ms, render: 52ms)
 GET / 200 in 69ms (compile: 8ms, render: 61ms)
 GET /fonts/open-sans-latin-regular.woff2 404 in 30ms (compile: 6ms, render: 24ms)
 GET / 200 in 30ms (compile: 7ms, render: 23ms)
 GET /fonts/open-sans-latin-regular.woff2 404 in 101ms (compile: 63ms, render: 38ms)
 GET / 200 in 49ms (compile: 10ms, render: 39ms)
 GET / 200 in 27ms (compile: 6ms, render: 21ms)
 ✓ Compiled in 361ms
 GET / 200 in 359ms (compile: 134ms, render: 225ms)
 GET / 200 in 122ms (compile: 14ms, render: 108ms)
 GET / 200 in 26ms (compile: 5ms, render: 21ms)
 GET /fonts/open-sans-latin-regular.woff2 404 in 65ms (compile: 10ms, render: 55ms)
 ✓ Compiled in 673ms
 ✓ Compiled in 128ms
 GET / 200 in 387ms (compile: 157ms, render: 231ms)
 GET / 200 in 51ms (compile: 14ms, render: 37ms)
 GET / 200 in 64ms (compile: 9ms, render: 54ms)
 GET / 200 in 58ms (compile: 21ms, render: 37ms)
 GET / 200 in 59ms (compile: 29ms, render: 30ms)
 GET / 200 in 74ms (compile: 11ms, render: 62ms)
 GET /fonts/open-sans-latin-regular.woff2 404 in 76ms (compile: 48ms, render: 27ms)
 GET / 200 in 73ms (compile: 38ms, render: 35ms)
 GET /fonts/open-sans-latin-regular.woff2 404 in 584ms (compile: 59ms, render: 526ms)
 GET / 200 in 98ms (compile: 11ms, render: 87ms)
 GET / 200 in 605ms (compile: 18ms, render: 587ms)
 ✓ Compiled in 258ms
 GET / 200 in 406ms (compile: 165ms, render: 241ms)
 GET / 200 in 110ms (compile: 47ms, render: 63ms)
 GET / 200 in 61ms (compile: 17ms, render: 44ms)
 GET /fonts/open-sans-latin-regular.woff2 404 in 41ms (compile: 14ms, render: 27ms)
 GET / 200 in 94ms (compile: 54ms, render: 41ms)
 GET /fonts/open-sans-latin-regular.woff2 404 in 72ms (compile: 14ms, render: 58ms)
 GET / 200 in 83ms (compile: 19ms, render: 64ms)
 GET / 200 in 91ms (compile: 37ms, render: 53ms)
 ✓ Compiled in 177ms
 ✓ Compiled in 115ms
 GET / 200 in 337ms (compile: 109ms, render: 228ms)
 GET /fonts/open-sans-latin-regular.woff2 404 in 116ms (compile: 57ms, render: 59ms)
 GET / 200 in 56ms (compile: 11ms, render: 44ms)
 GET / 200 in 81ms (compile: 31ms, render: 49ms)
 ✓ Compiled in 468ms
 GET / 200 in 316ms (compile: 110ms, render: 206ms)
 GET /fonts/open-sans-latin-regular.woff2 404 in 110ms (compile: 49ms, render: 61ms)
 GET / 200 in 188ms (compile: 42ms, render: 146ms)
 GET / 200 in 127ms (compile: 83ms, render: 44ms)
 GET / 200 in 52ms (compile: 19ms, render: 32ms)
 GET /fonts/open-sans-latin-regular.woff2 404 in 37ms (compile: 10ms, render: 27ms)
 GET / 200 in 35ms (compile: 9ms, render: 26ms)
 GET / 200 in 57ms (compile: 21ms, render: 36ms)
 ✓ Compiled in 250ms
 ✓ Compiled in 580ms
 GET / 200 in 583ms (compile: 182ms, render: 401ms)
 GET / 200 in 125ms (compile: 43ms, render: 82ms)
 GET /fonts/open-sans-latin-regular.woff2 404 in 111ms (compile: 49ms, render: 62ms)
 GET / 200 in 29ms (compile: 5ms, render: 24ms)
 ✓ Compiled in 257ms
 ✓ Compiled in 584ms
 GET / 200 in 526ms (compile: 211ms, render: 315ms)
 GET /fonts/open-sans-latin-regular.woff2 404 in 311ms (compile: 219ms, render: 92ms)
 GET / 200 in 47ms (compile: 13ms, render: 33ms)
 GET / 200 in 61ms (compile: 10ms, render: 51ms)
 ✓ Compiled in 100ms
 GET / 200 in 355ms (compile: 107ms, render: 248ms)
 GET /fonts/open-sans-latin-regular.woff2 404 in 84ms (compile: 41ms, render: 43ms)
 GET / 200 in 145ms (compile: 38ms, render: 106ms)
 GET / 200 in 94ms (compile: 32ms, render: 62ms)
 ✓ Compiled in 135ms
 ✓ Compiled in 101ms
 ✓ Compiled in 227ms
 ✓ Compiled in 269ms
 GET / 200 in 353ms (compile: 97ms, render: 256ms)
 GET / 200 in 204ms (compile: 33ms, render: 171ms)
 GET /fonts/open-sans-latin-regular.woff2 404 in 125ms (compile: 59ms, render: 66ms)
 GET / 200 in 47ms (compile: 14ms, render: 34ms)
 GET / 200 in 75ms (compile: 30ms, render: 45ms)
 GET /fonts/open-sans-latin-regular.woff2 404 in 50ms (compile: 14ms, render: 36ms)
 GET / 200 in 54ms (compile: 11ms, render: 43ms)
 GET / 200 in 43ms (compile: 6ms, render: 37ms)
 GET / 200 in 77ms (compile: 29ms, render: 48ms)
 GET /fonts/open-sans-latin-regular.woff2 404 in 105ms (compile: 51ms, render: 53ms)
 GET / 200 in 89ms (compile: 23ms, render: 66ms)
 GET / 200 in 108ms (compile: 11ms, render: 97ms)
 ✓ Compiled in 64ms
 GET / 200 in 331ms (compile: 93ms, render: 238ms)
 GET /fonts/open-sans-latin-regular.woff2 404 in 68ms (compile: 20ms, render: 48ms)
 GET / 200 in 536ms (compile: 180ms, render: 356ms)
 GET / 200 in 80ms (compile: 24ms, render: 56ms)
 ✓ Compiled in 264ms
 ✓ Compiled in 75ms
 GET / 200 in 397ms (compile: 290ms, render: 107ms)
 GET / 200 in 588ms (compile: 52ms, render: 536ms)
 GET /fonts/open-sans-latin-regular.woff2 404 in 136ms (compile: 62ms, render: 74ms)
 GET / 200 in 116ms (compile: 24ms, render: 92ms)
 GET / 200 in 220ms (compile: 9ms, render: 212ms)
 ✓ Compiled in 674ms
 ✓ Compiled in 232ms
 ✓ Compiled in 204ms
 GET / 200 in 614ms (compile: 134ms, render: 480ms)
 GET /fonts/open-sans-latin-regular.woff2 404 in 385ms (compile: 177ms, render: 208ms)
 GET / 200 in 594ms (compile: 144ms, render: 451ms)
 GET / 200 in 257ms (compile: 63ms, render: 194ms)
 ✓ Compiled in 235ms
 GET / 200 in 634ms (compile: 130ms, render: 504ms)
 GET /fonts/open-sans-latin-regular.woff2 404 in 144ms (compile: 52ms, render: 91ms)
 GET / 200 in 164ms (compile: 55ms, render: 110ms)
 GET / 200 in 942ms (compile: 126ms, render: 816ms)
 ✓ Compiled in 443ms
 ✓ Compiled in 285ms
 ✓ Compiled in 517ms
 ✓ Compiled in 915ms
 ✓ Compiled in 314ms
 ✓ Compiled in 133ms
 ✓ Compiled in 450ms
 ✓ Compiled in 897ms
 GET / 200 in 1009ms (compile: 447ms, render: 562ms)
 GET /fonts/open-sans-latin-regular.woff2 404 in 101ms (compile: 33ms, render: 68ms)
 GET / 200 in 53ms (compile: 12ms, render: 41ms)
 GET / 200 in 42ms (compile: 7ms, render: 35ms)
 GET / 200 in 114ms (compile: 32ms, render: 82ms)
 GET /fonts/open-sans-latin-regular.woff2 404 in 113ms (compile: 50ms, render: 63ms)
 GET / 200 in 154ms (compile: 43ms, render: 111ms)
 GET / 200 in 115ms (compile: 15ms, render: 100ms)
 ✓ Compiled in 395ms
 GET / 200 in 575ms (compile: 172ms, render: 402ms)
 GET /fonts/open-sans-latin-regular.woff2 404 in 66ms (compile: 35ms, render: 31ms)
 GET / 200 in 67ms (compile: 17ms, render: 50ms)
 GET / 200 in 47ms (compile: 9ms, render: 38ms)
 GET / 200 in 148ms (compile: 73ms, render: 75ms)
 GET /fonts/open-sans-latin-regular.woff2 404 in 41ms (compile: 12ms, render: 29ms)
 GET / 200 in 140ms (compile: 44ms, render: 96ms)
 GET / 200 in 527ms (compile: 30ms, render: 497ms)
 GET / 200 in 106ms (compile: 37ms, render: 69ms)
 GET /fonts/open-sans-latin-regular.woff2 404 in 67ms (compile: 23ms, render: 44ms)
 GET / 200 in 63ms (compile: 16ms, render: 47ms)
 GET / 200 in 51ms (compile: 10ms, render: 41ms)
 GET / 200 in 108ms (compile: 24ms, render: 84ms)
 GET /fonts/open-sans-latin-regular.woff2 404 in 188ms (compile: 89ms, render: 99ms)
 GET / 200 in 67ms (compile: 23ms, render: 44ms)
 GET / 200 in 95ms (compile: 40ms, render: 55ms)
 ✓ Compiled in 353ms
 ✓ Compiled in 144ms
 ✓ Compiled in 405ms
 GET / 200 in 466ms (compile: 117ms, render: 349ms)
 GET / 200 in 105ms (compile: 24ms, render: 81ms)
 GET /fonts/open-sans-latin-regular.woff2 404 in 115ms (compile: 21ms, render: 95ms)
 GET / 200 in 175ms (compile: 10ms, render: 165ms)
 GET / 200 in 86ms (compile: 33ms, render: 53ms)
 GET /fonts/open-sans-latin-regular.woff2 404 in 63ms (compile: 32ms, render: 31ms)
 GET / 200 in 67ms (compile: 13ms, render: 54ms)
 GET / 200 in 61ms (compile: 14ms, render: 47ms)
 ✓ Compiled in 122ms
 ✓ Compiled in 75ms
 GET / 200 in 301ms (compile: 214ms, render: 87ms)
 ✓ Compiled in 387ms
 ✓ Compiled in 212ms
 GET / 200 in 554ms (compile: 399ms, render: 155ms)
 GET / 200 in 1264ms (compile: 358ms, render: 906ms)
 GET /fonts/open-sans-latin-regular.woff2 404 in 593ms (compile: 273ms, render: 320ms)
 GET / 200 in 303ms (compile: 30ms, render: 273ms)
 GET / 200 in 212ms (compile: 53ms, render: 159ms)
 ✓ Compiled in 132ms
 ✓ Compiled in 389ms
 ✓ Compiled in 351ms
 GET / 200 in 954ms (compile: 321ms, render: 633ms)
 GET /fonts/open-sans-latin-regular.woff2 404 in 180ms (compile: 74ms, render: 106ms)
 GET / 200 in 129ms (compile: 37ms, render: 92ms)
 GET / 200 in 44ms (compile: 9ms, render: 35ms)
